
 /----------------------------------------------------------------------------\
 |  yosys -- Yosys Open SYnthesis Suite                                       |
 |  Copyright (C) 2012 - 2026  Claire Xenia Wolf <claire@yosyshq.com>         |
 |  Distributed under an ISC-like license, type "license" to see terms        |
 \----------------------------------------------------------------------------/
 Yosys 0.65 (git sha1 b85cad634-dirty, aarch64-linux-android-clang++ 13989888, -fstack-protector-strong -Oz -fPIC -O3)

-- Running command `read_verilog ../01_RTL/riscv_core.v; synth -top riscv_core; write_json riscv_core_synth.json; stat' --

1. Executing Verilog-2005 frontend: ../01_RTL/riscv_core.v
Parsing Verilog input from `../01_RTL/riscv_core.v' to AST representation.
Generating RTLIL representation for module `\riscv_core'.
Successfully finished Verilog frontend.

2. Executing SYNTH pass.

2.1. Executing HIERARCHY pass (managing design hierarchy).

2.1.1. Analyzing design hierarchy..
Top module:  \riscv_core

2.1.2. Analyzing design hierarchy..
Top module:  \riscv_core
Removed 0 unused modules.

2.2. Executing PROC pass (convert processes to netlists).

2.2.1. Executing PROC_CLEAN pass (remove empty switches from decision trees).
Cleaned up 0 empty switches.

2.2.2. Executing PROC_RMDEAD pass (remove dead branches from decision trees).
Removed 1 dead cases from process $proc$../01_RTL/riscv_core.v:25$10 in module riscv_core.
Marked 5 switch rules as full_case in process $proc$../01_RTL/riscv_core.v:25$10 in module riscv_core.
Removed a total of 1 dead cases.

2.2.3. Executing PROC_PRUNE pass (remove redundant assignments in processes).
Removed 0 redundant assignments.
Promoted 11 assignments to connections.

2.2.4. Executing PROC_INIT pass (extract init attributes).

2.2.5. Executing PROC_ARST pass (detect async resets in processes).

2.2.6. Executing PROC_ROM pass (convert switches to ROMs).
Converted 1 switch.
<suppressed ~5 debug messages>

2.2.7. Executing PROC_MUX pass (convert decision trees to multiplexers).
Creating decoders for process `\riscv_core.$proc$../01_RTL/riscv_core.v:25$10'.
     1/21: $3$memwr$\regfile$../01_RTL/riscv_core.v:83$9_EN[31:0]$51
     2/21: $3$memwr$\regfile$../01_RTL/riscv_core.v:83$9_DATA[31:0]$50
     3/21: $3$memwr$\regfile$../01_RTL/riscv_core.v:83$9_ADDR[2:0]$49
     4/21: $2$memwr$\regfile$../01_RTL/riscv_core.v:83$9_EN[31:0]$35
     5/21: $2$memwr$\regfile$../01_RTL/riscv_core.v:83$9_DATA[31:0]$34
     6/21: $2$memwr$\regfile$../01_RTL/riscv_core.v:83$9_ADDR[2:0]$33
     7/21: $1$memwr$\regfile$../01_RTL/riscv_core.v:38$8_EN[31:0]$29
     8/21: $1$memwr$\regfile$../01_RTL/riscv_core.v:37$7_EN[31:0]$28
     9/21: $1$memwr$\regfile$../01_RTL/riscv_core.v:36$6_EN[31:0]$27
    10/21: $1$memwr$\regfile$../01_RTL/riscv_core.v:35$5_EN[31:0]$26
    11/21: $1$memwr$\regfile$../01_RTL/riscv_core.v:34$4_EN[31:0]$25
    12/21: $1$memwr$\regfile$../01_RTL/riscv_core.v:33$3_EN[31:0]$24
    13/21: $1$memwr$\regfile$../01_RTL/riscv_core.v:32$2_EN[31:0]$23
    14/21: $1$memwr$\regfile$../01_RTL/riscv_core.v:31$1_EN[31:0]$22
    15/21: $1$memwr$\regfile$../01_RTL/riscv_core.v:83$9_EN[31:0]$32
    16/21: $1$memwr$\regfile$../01_RTL/riscv_core.v:83$9_DATA[31:0]$31
    17/21: $1$memwr$\regfile$../01_RTL/riscv_core.v:83$9_ADDR[2:0]$30
    18/21: $0\alu_result[31:0]
    19/21: $0\state[1:0]
    20/21: $0\ir[31:0]
    21/21: $0\pc[31:0]

2.2.8. Executing PROC_DLATCH pass (convert process syncs to latches).

2.2.9. Executing PROC_DFF pass (convert process syncs to FFs).
Creating register for signal `\riscv_core.\pc' using process `\riscv_core.$proc$../01_RTL/riscv_core.v:25$10'.
  created $dff cell `$procdff$171' with positive edge clock.
Creating register for signal `\riscv_core.\ir' using process `\riscv_core.$proc$../01_RTL/riscv_core.v:25$10'.
  created $dff cell `$procdff$172' with positive edge clock.
Creating register for signal `\riscv_core.\state' using process `\riscv_core.$proc$../01_RTL/riscv_core.v:25$10'.
  created $dff cell `$procdff$173' with positive edge clock.
Creating register for signal `\riscv_core.\alu_result' using process `\riscv_core.$proc$../01_RTL/riscv_core.v:25$10'.
  created $dff cell `$procdff$174' with positive edge clock.
Creating register for signal `\riscv_core.$memwr$\regfile$../01_RTL/riscv_core.v:31$1_EN' using process `\riscv_core.$proc$../01_RTL/riscv_core.v:25$10'.
  created $dff cell `$procdff$175' with positive edge clock.
Creating register for signal `\riscv_core.$memwr$\regfile$../01_RTL/riscv_core.v:32$2_EN' using process `\riscv_core.$proc$../01_RTL/riscv_core.v:25$10'.
  created $dff cell `$procdff$176' with positive edge clock.
Creating register for signal `\riscv_core.$memwr$\regfile$../01_RTL/riscv_core.v:33$3_EN' using process `\riscv_core.$proc$../01_RTL/riscv_core.v:25$10'.
  created $dff cell `$procdff$177' with positive edge clock.
Creating register for signal `\riscv_core.$memwr$\regfile$../01_RTL/riscv_core.v:34$4_EN' using process `\riscv_core.$proc$../01_RTL/riscv_core.v:25$10'.
  created $dff cell `$procdff$178' with positive edge clock.
Creating register for signal `\riscv_core.$memwr$\regfile$../01_RTL/riscv_core.v:35$5_EN' using process `\riscv_core.$proc$../01_RTL/riscv_core.v:25$10'.
  created $dff cell `$procdff$179' with positive edge clock.
Creating register for signal `\riscv_core.$memwr$\regfile$../01_RTL/riscv_core.v:36$6_EN' using process `\riscv_core.$proc$../01_RTL/riscv_core.v:25$10'.
  created $dff cell `$procdff$180' with positive edge clock.
Creating register for signal `\riscv_core.$memwr$\regfile$../01_RTL/riscv_core.v:37$7_EN' using process `\riscv_core.$proc$../01_RTL/riscv_core.v:25$10'.
  created $dff cell `$procdff$181' with positive edge clock.
Creating register for signal `\riscv_core.$memwr$\regfile$../01_RTL/riscv_core.v:38$8_EN' using process `\riscv_core.$proc$../01_RTL/riscv_core.v:25$10'.
  created $dff cell `$procdff$182' with positive edge clock.
Creating register for signal `\riscv_core.$memwr$\regfile$../01_RTL/riscv_core.v:83$9_ADDR' using process `\riscv_core.$proc$../01_RTL/riscv_core.v:25$10'.
  created $dff cell `$procdff$183' with positive edge clock.
Creating register for signal `\riscv_core.$memwr$\regfile$../01_RTL/riscv_core.v:83$9_DATA' using process `\riscv_core.$proc$../01_RTL/riscv_core.v:25$10'.
  created $dff cell `$procdff$184' with positive edge clock.
Creating register for signal `\riscv_core.$memwr$\regfile$../01_RTL/riscv_core.v:83$9_EN' using process `\riscv_core.$proc$../01_RTL/riscv_core.v:25$10'.
  created $dff cell `$procdff$185' with positive edge clock.

2.2.10. Executing PROC_MEMWR pass (convert process memory writes to cells).

2.2.11. Executing PROC_CLEAN pass (remove empty switches from decision trees).
Found and cleaned up 6 empty switches in `\riscv_core.$proc$../01_RTL/riscv_core.v:25$10'.
Removing empty process `riscv_core.$proc$../01_RTL/riscv_core.v:25$10'.
Cleaned up 6 empty switches.

2.2.12. Executing OPT_EXPR pass (perform const folding).
Optimizing module riscv_core.
<suppressed ~7 debug messages>

2.3. Executing OPT_EXPR pass (perform const folding).
Optimizing module riscv_core.

2.4. Executing OPT_CLEAN pass (remove unused cells and wires).
Finding unused cells or wires in module \riscv_core..
Removed 86 unused cells and 138 unused wires.
<suppressed ~95 debug messages>

2.5. Executing CHECK pass (checking for obvious problems).
Checking module riscv_core...
Found and reported 0 problems.

2.6. Executing OPT pass (performing simple optimizations).

2.6.1. Executing OPT_EXPR pass (perform const folding).
Optimizing module riscv_core.

2.6.2. Executing OPT_MERGE pass (detect identical cells).
Finding identical cells in module `\riscv_core'.
Computing hashes of 13 cells of `\riscv_core'.
Finding duplicate cells in `\riscv_core'.
Computing hashes of 12 cells of `\riscv_core'.
Finding duplicate cells in `\riscv_core'.
<suppressed ~3 debug messages>
Removed a total of 1 cells.

2.6.3. Executing OPT_MUXTREE pass (detect dead branches in mux trees).
Running muxtree optimizer on module \riscv_core..
  Creating internal representation of mux trees.
  Evaluating internal representation of mux trees.
  Analyzing evaluation results.
Removed 0 multiplexer ports.
<suppressed ~7 debug messages>

2.6.4. Executing OPT_REDUCE pass (consolidate $*mux and $reduce_* inputs).
  Optimizing cells in module \riscv_core.
Performed a total of 0 changes.

2.6.5. Executing OPT_MERGE pass (detect identical cells).
Finding identical cells in module `\riscv_core'.
Computing hashes of 12 cells of `\riscv_core'.
Finding duplicate cells in `\riscv_core'.
Removed a total of 0 cells.

2.6.6. Executing OPT_DFF pass (perform DFF optimizations).

2.6.7. Executing OPT_CLEAN pass (remove unused cells and wires).
Finding unused cells or wires in module \riscv_core..
Removed 0 unused cells and 1 unused wires.
<suppressed ~1 debug messages>

2.6.8. Executing OPT_EXPR pass (perform const folding).
Optimizing module riscv_core.

2.6.9. Rerunning OPT passes. (Maybe there is more to do..)

2.6.10. Executing OPT_MUXTREE pass (detect dead branches in mux trees).
Running muxtree optimizer on module \riscv_core..
  Creating internal representation of mux trees.
  Evaluating internal representation of mux trees.
  Analyzing evaluation results.
Removed 0 multiplexer ports.
<suppressed ~7 debug messages>

2.6.11. Executing OPT_REDUCE pass (consolidate $*mux and $reduce_* inputs).
  Optimizing cells in module \riscv_core.
Performed a total of 0 changes.

2.6.12. Executing OPT_MERGE pass (detect identical cells).
Finding identical cells in module `\riscv_core'.
Computing hashes of 12 cells of `\riscv_core'.
Finding duplicate cells in `\riscv_core'.
Removed a total of 0 cells.

2.6.13. Executing OPT_DFF pass (perform DFF optimizations).

2.6.14. Executing OPT_CLEAN pass (remove unused cells and wires).
Finding unused cells or wires in module \riscv_core..

2.6.15. Executing OPT_EXPR pass (perform const folding).
Optimizing module riscv_core.

2.6.16. Finished fast OPT passes. (There is nothing left to do.)

2.7. Executing FSM pass (extract and optimize FSM).

2.7.1. Executing FSM_DETECT pass (finding FSMs in design).
Found FSM state register riscv_core.state.

2.7.2. Executing FSM_EXTRACT pass (extracting FSM from design).
Extracting FSM `\state' from module `\riscv_core'.
  found $dff cell for state register: $procdff$173
  root of input selection tree: $0\state[1:0]
  found reset state: 2'00 (guessed from mux tree)
  found ctrl input: \rst
  found ctrl input: $procmux$144_CMP
  found ctrl input: $procmux$145_CMP
  found ctrl input: $procmux$146_CMP
  found ctrl input: $procmux$149_CMP
  found state code: 2'00
  found state code: 2'11
  found state code: 2'10
  found ctrl input: \instr
  found state code: 2'01
  found ctrl output: $procmux$144_CMP
  found ctrl output: $procmux$145_CMP
  found ctrl output: $procmux$146_CMP
  found ctrl output: $procmux$149_CMP
  ctrl inputs: { \instr \rst }
  ctrl outputs: { $procmux$149_CMP $procmux$146_CMP $procmux$145_CMP $procmux$144_CMP $0\state[1:0] }
  transition:       2'00 2'00 ->       2'00 6'100000
  transition:       2'00 2'10 ->       2'01 6'100001
  transition:       2'00 2'-1 ->       2'00 6'100000
  transition:       2'10 2'-0 ->       2'11 6'001011
  transition:       2'10 2'-1 ->       2'00 6'001000
  transition:       2'01 2'-0 ->       2'10 6'010010
  transition:       2'01 2'-1 ->       2'00 6'010000
  transition:       2'11 2'-0 ->       2'00 6'000100
  transition:       2'11 2'-1 ->       2'00 6'000100

2.7.3. Executing FSM_OPT pass (simple optimizations of FSMs).
Optimizing FSM `$fsm$\state$195' from module `\riscv_core'.
  Merging pattern 2'-0 and 2'-1 from group (3 0 6'000100).
  Merging pattern 2'-1 and 2'-0 from group (3 0 6'000100).

2.7.4. Executing OPT_CLEAN pass (remove unused cells and wires).
Finding unused cells or wires in module \riscv_core..
Removed 8 unused cells and 8 unused wires.
<suppressed ~9 debug messages>

2.7.5. Executing FSM_OPT pass (simple optimizations of FSMs).
Optimizing FSM `$fsm$\state$195' from module `\riscv_core'.
  Removing unused output signal $0\state[1:0] [0].
  Removing unused output signal $0\state[1:0] [1].
  Removing unused output signal $procmux$145_CMP.
  Removing unused output signal $procmux$146_CMP.
  Removing unused output signal $procmux$149_CMP.

2.7.6. Executing FSM_RECODE pass (re-assigning FSM state encoding).
Recoding FSM `$fsm$\state$195' from module `\riscv_core' using `auto' encoding:
  mapping auto encoding to `one-hot` for this FSM.
  00 -> ---1
  10 -> --1-
  01 -> -1--
  11 -> 1---

2.7.7. Executing FSM_INFO pass (dumping all available information on FSM cells).

FSM `$fsm$\state$195' from module `riscv_core':
-------------------------------------

  Information on FSM $fsm$\state$195 (\state):

  Number of input signals:    2
  Number of output signals:   1
  Number of state bits:       4

  Input signals:
    0: \rst
    1: \instr

  Output signals:
    0: $procmux$144_CMP

  State encoding:
    0:     4'---1  <RESET STATE>
    1:     4'--1-
    2:     4'-1--
    3:     4'1---

  Transition Table (state_in, ctrl_in, state_out, ctrl_out):
      0:     0 2'00   ->     0 1'0
      1:     0 2'-1   ->     0 1'0
      2:     0 2'10   ->     2 1'0
      3:     1 2'-1   ->     0 1'0
      4:     1 2'-0   ->     3 1'0
      5:     2 2'-1   ->     0 1'0
      6:     2 2'-0   ->     1 1'0
      7:     3 2'--   ->     0 1'1

-------------------------------------

2.7.8. Executing FSM_MAP pass (mapping FSMs to basic logic).
Mapping FSM `$fsm$\state$195' from module `\riscv_core'.

2.8. Executing OPT pass (performing simple optimizations).

2.8.1. Executing OPT_EXPR pass (perform const folding).
Optimizing module riscv_core.
<suppressed ~4 debug messages>

2.8.2. Executing OPT_MERGE pass (detect identical cells).
Finding identical cells in module `\riscv_core'.
Computing hashes of 14 cells of `\riscv_core'.
Finding duplicate cells in `\riscv_core'.
Computing hashes of 13 cells of `\riscv_core'.
Finding duplicate cells in `\riscv_core'.
<suppressed ~3 debug messages>
Removed a total of 1 cells.

2.8.3. Executing OPT_MUXTREE pass (detect dead branches in mux trees).
Running muxtree optimizer on module \riscv_core..
  Creating internal representation of mux trees.
  Evaluating internal representation of mux trees.
  Analyzing evaluation results.
Removed 0 multiplexer ports.
<suppressed ~3 debug messages>

2.8.4. Executing OPT_REDUCE pass (consolidate $*mux and $reduce_* inputs).
  Optimizing cells in module \riscv_core.
Performed a total of 0 changes.

2.8.5. Executing OPT_MERGE pass (detect identical cells).
Finding identical cells in module `\riscv_core'.
Computing hashes of 13 cells of `\riscv_core'.
Finding duplicate cells in `\riscv_core'.
Removed a total of 0 cells.

2.8.6. Executing OPT_DFF pass (perform DFF optimizations).
Adding SRST signal on $procdff$171 ($dff) from module riscv_core (D = $procmux$166_Y, Q = \pc, rval = 0).
Adding EN signal on $auto$ff.cc:337:slice$224 ($sdff) from module riscv_core (D = $add$../01_RTL/riscv_core.v:85$52_Y, Q = \pc).

2.8.7. Executing OPT_CLEAN pass (remove unused cells and wires).
Finding unused cells or wires in module \riscv_core..
Removed 2 unused cells and 11 unused wires.
<suppressed ~3 debug messages>

2.8.8. Executing OPT_EXPR pass (perform const folding).
Optimizing module riscv_core.

2.8.9. Rerunning OPT passes. (Maybe there is more to do..)

2.8.10. Executing OPT_MUXTREE pass (detect dead branches in mux trees).
Running muxtree optimizer on module \riscv_core..
  Creating internal representation of mux trees.
  No muxes found in this module.
Removed 0 multiplexer ports.

2.8.11. Executing OPT_REDUCE pass (consolidate $*mux and $reduce_* inputs).
  Optimizing cells in module \riscv_core.
Performed a total of 0 changes.

2.8.12. Executing OPT_MERGE pass (detect identical cells).
Finding identical cells in module `\riscv_core'.
Computing hashes of 11 cells of `\riscv_core'.
Finding duplicate cells in `\riscv_core'.
Removed a total of 0 cells.

2.8.13. Executing OPT_DFF pass (perform DFF optimizations).

2.8.14. Executing OPT_CLEAN pass (remove unused cells and wires).
Finding unused cells or wires in module \riscv_core..

2.8.15. Executing OPT_EXPR pass (perform const folding).
Optimizing module riscv_core.

2.8.16. Finished fast OPT passes. (There is nothing left to do.)

2.9. Executing WREDUCE pass (reducing word size of cells).
Removed top 31 bits (of 32) from port B of cell riscv_core.$add$../01_RTL/riscv_core.v:85$52 ($add).

2.10. Executing PEEPOPT pass (run peephole optimizers).

2.11. Executing OPT_CLEAN pass (remove unused cells and wires).
Finding unused cells or wires in module \riscv_core..

2.12. Executing ALUMACC pass (create $alu and $macc cells).
Extracting $alu and $macc cells in module riscv_core:
  creating $macc model for $add$../01_RTL/riscv_core.v:85$52 ($add).
  creating $alu model for $macc $add$../01_RTL/riscv_core.v:85$52.
  creating $alu cell for $add$../01_RTL/riscv_core.v:85$52: $auto$alumacc.cc:512:replace_alu$226
  created 1 $alu and 0 $macc cells.

2.13. Executing SHARE pass (SAT-based resource sharing).

2.14. Executing OPT pass (performing simple optimizations).

2.14.1. Executing OPT_EXPR pass (perform const folding).
Optimizing module riscv_core.

2.14.2. Executing OPT_MERGE pass (detect identical cells).
Finding identical cells in module `\riscv_core'.
Computing hashes of 11 cells of `\riscv_core'.
Finding duplicate cells in `\riscv_core'.
Removed a total of 0 cells.

2.14.3. Executing OPT_MUXTREE pass (detect dead branches in mux trees).
Running muxtree optimizer on module \riscv_core..
  Creating internal representation of mux trees.
  No muxes found in this module.
Removed 0 multiplexer ports.

2.14.4. Executing OPT_REDUCE pass (consolidate $*mux and $reduce_* inputs).
  Optimizing cells in module \riscv_core.
Performed a total of 0 changes.

2.14.5. Executing OPT_MERGE pass (detect identical cells).
Finding identical cells in module `\riscv_core'.
Computing hashes of 11 cells of `\riscv_core'.
Finding duplicate cells in `\riscv_core'.
Removed a total of 0 cells.

2.14.6. Executing OPT_DFF pass (perform DFF optimizations).

2.14.7. Executing OPT_CLEAN pass (remove unused cells and wires).
Finding unused cells or wires in module \riscv_core..

2.14.8. Executing OPT_EXPR pass (perform const folding).
Optimizing module riscv_core.

2.14.9. Finished fast OPT passes. (There is nothing left to do.)

2.15. Executing MEMORY pass.

2.15.1. Executing OPT_MEM pass (optimize memories).
Performed a total of 0 transformations.

2.15.2. Executing OPT_MEM_PRIORITY pass (removing unnecessary memory write priority relations).
Performed a total of 0 transformations.

2.15.3. Executing OPT_MEM_FEEDBACK pass (finding memory read-to-write feedback paths).

2.15.4. Executing MEMORY_BMUX2ROM pass (converting muxes to ROMs).

2.15.5. Executing MEMORY_DFF pass (merging $dff cells to $memrd).

2.15.6. Executing OPT_CLEAN pass (remove unused cells and wires).
Finding unused cells or wires in module \riscv_core..

2.15.7. Executing MEMORY_SHARE pass (consolidating $memrd/$memwr cells).

2.15.8. Executing OPT_MEM_WIDEN pass (optimize memories where all ports are wide).
Performed a total of 0 transformations.

2.15.9. Executing OPT_CLEAN pass (remove unused cells and wires).
Finding unused cells or wires in module \riscv_core..

2.15.10. Executing MEMORY_COLLECT pass (generating $mem cells).

2.16. Executing OPT_CLEAN pass (remove unused cells and wires).
Finding unused cells or wires in module \riscv_core..

2.17. Executing OPT pass (performing simple optimizations).

2.17.1. Executing OPT_EXPR pass (perform const folding).
Optimizing module riscv_core.

2.17.2. Executing OPT_MERGE pass (detect identical cells).
Finding identical cells in module `\riscv_core'.
Computing hashes of 11 cells of `\riscv_core'.
Finding duplicate cells in `\riscv_core'.
Removed a total of 0 cells.

2.17.3. Executing OPT_DFF pass (perform DFF optimizations).

2.17.4. Executing OPT_CLEAN pass (remove unused cells and wires).
Finding unused cells or wires in module \riscv_core..

2.17.5. Finished fast OPT passes.

2.18. Executing MEMORY_MAP pass (converting memories to logic and flip-flops).

2.19. Executing OPT pass (performing simple optimizations).

2.19.1. Executing OPT_EXPR pass (perform const folding).
Optimizing module riscv_core.

2.19.2. Executing OPT_MERGE pass (detect identical cells).
Finding identical cells in module `\riscv_core'.
Computing hashes of 11 cells of `\riscv_core'.
Finding duplicate cells in `\riscv_core'.
Removed a total of 0 cells.

2.19.3. Executing OPT_MUXTREE pass (detect dead branches in mux trees).
Running muxtree optimizer on module \riscv_core..
  Creating internal representation of mux trees.
  No muxes found in this module.
Removed 0 multiplexer ports.

2.19.4. Executing OPT_REDUCE pass (consolidate $*mux and $reduce_* inputs).
  Optimizing cells in module \riscv_core.
Performed a total of 0 changes.

2.19.5. Executing OPT_MERGE pass (detect identical cells).
Finding identical cells in module `\riscv_core'.
Computing hashes of 11 cells of `\riscv_core'.
Finding duplicate cells in `\riscv_core'.
Removed a total of 0 cells.

2.19.6. Executing OPT_SHARE pass.

2.19.7. Executing OPT_DFF pass (perform DFF optimizations).

2.19.8. Executing OPT_CLEAN pass (remove unused cells and wires).
Finding unused cells or wires in module \riscv_core..

2.19.9. Executing OPT_EXPR pass (perform const folding).
Optimizing module riscv_core.

2.19.10. Finished fast OPT passes. (There is nothing left to do.)

2.20. Executing TECHMAP pass (map to technology primitives).

2.20.1. Executing Verilog-2005 frontend: /data/data/com.termux/files/usr/bin/../share/yosys/techmap.v
Parsing Verilog input from `/data/data/com.termux/files/usr/bin/../share/yosys/techmap.v' to AST representation.
Generating RTLIL representation for module `\_90_simplemap_bool_ops'.
Generating RTLIL representation for module `\_90_simplemap_reduce_ops'.
Generating RTLIL representation for module `\_90_simplemap_logic_ops'.
Generating RTLIL representation for module `\_90_simplemap_compare_ops'.
Generating RTLIL representation for module `\_90_simplemap_various'.
Generating RTLIL representation for module `\_90_simplemap_registers'.
Generating RTLIL representation for module `\_90_shift_ops_shr_shl_sshl_sshr'.
Generating RTLIL representation for module `\_90_shift_shiftx'.
Generating RTLIL representation for module `\_90_fa'.
Generating RTLIL representation for module `\_90_lcu_brent_kung'.
Generating RTLIL representation for module `\_90_alu'.
Generating RTLIL representation for module `\_90_macc'.
Generating RTLIL representation for module `\_90_alumacc'.
Generating RTLIL representation for module `$__div_mod_u'.
Generating RTLIL representation for module `$__div_mod_trunc'.
Generating RTLIL representation for module `\_90_div'.
Generating RTLIL representation for module `\_90_mod'.
Generating RTLIL representation for module `$__div_mod_floor'.
Generating RTLIL representation for module `\_90_divfloor'.
Generating RTLIL representation for module `\_90_modfloor'.
Generating RTLIL representation for module `\_90_pow'.
Generating RTLIL representation for module `\_90_demux'.
Generating RTLIL representation for module `\_90_lut'.
Generating RTLIL representation for module `$connect'.
Generating RTLIL representation for module `$input_port'.
Successfully finished Verilog frontend.

2.20.2. Continuing TECHMAP pass.
Using template $paramod$6a42b6fefed750f8a1c58eab59479d960557103c\_90_alu for cells of type $alu.
Using extmapper simplemap for cells of type $sdffe.
Using extmapper simplemap for cells of type $and.
Using extmapper simplemap for cells of type $eq.
Using extmapper simplemap for cells of type $not.
Using extmapper simplemap for cells of type $reduce_or.
Using extmapper simplemap for cells of type $logic_not.
Using extmapper simplemap for cells of type $dff.
Using extmapper simplemap for cells of type $xor.
Using template $paramod\_90_fa\WIDTH=32'00000000000000000000000000100000 for cells of type $fa.
Using template $paramod\_90_lcu_brent_kung\WIDTH=32'00000000000000000000000000100000 for cells of type $lcu.
Using extmapper simplemap for cells of type $pos.
Using extmapper simplemap for cells of type $mux.
Using extmapper simplemap for cells of type $or.
No more expansions possible.
<suppressed ~411 debug messages>

2.21. Executing OPT pass (performing simple optimizations).

2.21.1. Executing OPT_EXPR pass (perform const folding).
Optimizing module riscv_core.
<suppressed ~281 debug messages>

2.21.2. Executing OPT_MERGE pass (detect identical cells).
Finding identical cells in module `\riscv_core'.
Computing hashes of 169 cells of `\riscv_core'.
Finding duplicate cells in `\riscv_core'.
Computing hashes of 168 cells of `\riscv_core'.
Finding duplicate cells in `\riscv_core'.
<suppressed ~3 debug messages>
Removed a total of 1 cells.

2.21.3. Executing OPT_DFF pass (perform DFF optimizations).

2.21.4. Executing OPT_CLEAN pass (remove unused cells and wires).
Finding unused cells or wires in module \riscv_core..
Removed 36 unused cells and 131 unused wires.
<suppressed ~37 debug messages>

2.21.5. Finished fast OPT passes.

2.22. Executing ABC pass (technology mapping using ABC).

2.22.1. Extracting gate netlist of module `\riscv_core' to `<abc-temp-dir>/input.blif'..

2.22.1.1. Executed ABC.
Extracted 96 gates and 134 wires to a netlist network with 38 inputs and 36 outputs.
Running ABC script: <abc-temp-dir>/abc.script
ABC: UC Berkeley, ABC 1.01 (compiled May 15 2026 06:50:40)
ABC: abc 01> empty
ABC: abc 01> source <abc-temp-dir>/abc.script
ABC: + read_blif <abc-temp-dir>/input.blif 
ABC: + read_library <abc-temp-dir>/stdcells.genlib 
ABC: + strash 
ABC: + &get -n 
ABC: + &fraig -x 
ABC: + &put 
ABC: + scorr 
ABC: Warning: The network is combinational (run "fraig" or "fraig_sweep").
ABC: + dc2 
ABC: + dretime 
ABC: + strash 
ABC: + &get -n 
ABC: + &dch -f 
ABC: + &nf 
ABC: + &put 
ABC: + write_blif <abc-temp-dir>/output.blif 
ABC: 
ABC: YOSYS_ABC_DONE 

2.22.1.2. Re-integrating ABC results.
ABC RESULTS:               AND cells:       30
ABC RESULTS:            ANDNOT cells:        3
ABC RESULTS:              NAND cells:        2
ABC RESULTS:               NOR cells:        1
ABC RESULTS:               NOT cells:        1
ABC RESULTS:             ORNOT cells:        1
ABC RESULTS:              XNOR cells:        1
ABC RESULTS:               XOR cells:       30
ABC RESULTS:        internal signals:       60
ABC RESULTS:           input signals:       38
ABC RESULTS:          output signals:       36
Removing temp directory.
Removing global temp directory.

2.23. Executing OPT pass (performing simple optimizations).

2.23.1. Executing OPT_EXPR pass (perform const folding).
Optimizing module riscv_core.

2.23.2. Executing OPT_MERGE pass (detect identical cells).
Finding identical cells in module `\riscv_core'.
Computing hashes of 105 cells of `\riscv_core'.
Finding duplicate cells in `\riscv_core'.
Removed a total of 0 cells.

2.23.3. Executing OPT_DFF pass (perform DFF optimizations).

2.23.4. Executing OPT_CLEAN pass (remove unused cells and wires).
Finding unused cells or wires in module \riscv_core..
Removed 0 unused cells and 105 unused wires.
<suppressed ~1 debug messages>

2.23.5. Finished fast OPT passes.

2.24. Executing HIERARCHY pass (managing design hierarchy).
Attribute `top' found on module `riscv_core'. Setting top module to riscv_core.

2.24.1. Analyzing design hierarchy..
Top module:  \riscv_core

2.24.2. Analyzing design hierarchy..
Top module:  \riscv_core
Removed 0 unused modules.

2.25. Printing statistics.

=== riscv_core ===

        +----------Local Count, excluding submodules.
        | 
       44 wires
      140 wire bits
        5 public wires
       39 public wire bits
        4 ports
       35 port bits
      105 cells
        3   $_ANDNOT_
       30   $_AND_
        4   $_DFF_P_
        2   $_NAND_
        1   $_NOR_
        1   $_NOT_
        1   $_ORNOT_
       32   $_SDFFE_PP0P_
        1   $_XNOR_
       30   $_XOR_

2.26. Executing CHECK pass (checking for obvious problems).
Checking module riscv_core...
Found and reported 0 problems.

3. Executing JSON backend.

4. Printing statistics.

=== riscv_core ===

        +----------Local Count, excluding submodules.
        | 
       44 wires
      140 wire bits
        5 public wires
       39 public wire bits
        4 ports
       35 port bits
      105 cells
        3   $_ANDNOT_
       30   $_AND_
        4   $_DFF_P_
        2   $_NAND_
        1   $_NOR_
        1   $_NOT_
        1   $_ORNOT_
       32   $_SDFFE_PP0P_
        1   $_XNOR_
       30   $_XOR_

End of script. Logfile hash: bed8ac4e0c, time: 0.26s, user: 0.08s, system: 0.07s, MEM: 26.86 MB peak
Yosys 0.65 (git sha1 b85cad634-dirty, aarch64-linux-android-clang++ 13989888, -fstack-protector-strong -Oz -fPIC -O3)
Time spent: 48% 1x abc (0 sec), 12% 1x techmap (0 sec), ...
